20:26:56 **** Incremental Build of configuration Nios II for project D8M_Camera_Test ****
make all 
Info: Building ../D8M_Camera_Test_bsp/
make --no-print-directory -C ../D8M_Camera_Test_bsp/
[BSP build complete]
Info: Compiling main.c to obj/default/main.o
nios2-elf-gcc -xc -MP -MMD -c -I../D8M_Camera_Test_bsp//HAL/inc -I../D8M_Camera_Test_bsp/ -I../D8M_Camera_Test_bsp//drivers/inc -pipe -D__hal__ -DALT_NO_INSTRUCTION_EMULATION -DALT_SINGLE_THREADED    -O0 -g -Wall  -mno-hw-div -mhw-mul -mno-hw-mulx -mgpopt=local  -o obj/default/main.o main.c
main.c:246:1: warning: "/*" within comment [-Wcomment]
 /*
 ^
main.c:262:8: warning: data definition has no type or storage class
        boundingBoxColour = ((boundingBoxColour + 1) & 0xff);
        ^
main.c:262:8: warning: type defaults to 'int' in declaration of 'boundingBoxColour' [-Wimplicit-int]
main.c:262:28: error: initializer element is not constant
        boundingBoxColour = ((boundingBoxColour + 1) & 0xff);
                            ^
main.c:263:13: error: expected declaration specifiers or '...' before numeric constant
        IOWR(0x42000, EEE_IMGPROC_BBCOL, (boundingBoxColour << 8) | (0xff - boundingBoxColour));
             ^
main.c:263:22: error: unknown type name 'EEE_IMGPROC_BBCOL'
        IOWR(0x42000, EEE_IMGPROC_BBCOL, (boundingBoxColour << 8) | (0xff - boundingBoxColour));
                      ^
main.c:263:41: error: expected declaration specifiers or '...' before '(' token
        IOWR(0x42000, EEE_IMGPROC_BBCOL, (boundingBoxColour << 8) | (0xff - boundingBoxColour));
                                         ^
main.c:266:17: warning: implicit declaration of function 'getchar' [-Wimplicit-function-declaration]
        int in = getchar();
                 ^
main.c:266:17: error: initializer element is not constant
main.c:267:8: error: expected identifier or '(' before 'switch'
        switch (in) {
        ^
main.c:303:12: error: expected declaration specifiers or '...' before numeric constant
     usleep(10000);
            ^
main.c:305:4: error: expected identifier or '(' before '}' token
    };
    ^
main.c:306:3: error: expected identifier or '(' before 'return'
   return 0;
   ^
main.c:307:1: error: expected identifier or '(' before '}' token
 }
 ^
main.c:308:2: error: expected identifier or '(' before '/' token
 */
  ^
main.c: In function 'main':
main.c:480:18: warning: variable 'current_focus' set but not used [-Wunused-but-set-variable]
         alt_u16  current_focus = 300;
                  ^
main.c:479:17: warning: unused variable 'manual_focus_step' [-Wunused-variable]
         alt_u8  manual_focus_step = 10;
                 ^
make: *** [Makefile:780: obj/default/main.o] Error 1
20:27:38 **** Incremental Build of configuration Nios II for project D8M_Camera_Test ****
make all 
Info: Building ../D8M_Camera_Test_bsp/
make --no-print-directory -C ../D8M_Camera_Test_bsp/
[BSP build complete]
Info: Compiling main.c to obj/default/main.o
nios2-elf-gcc -xc -MP -MMD -c -I../D8M_Camera_Test_bsp//HAL/inc -I../D8M_Camera_Test_bsp/ -I../D8M_Camera_Test_bsp//drivers/inc -pipe -D__hal__ -DALT_NO_INSTRUCTION_EMULATION -DALT_SINGLE_THREADED    -O0 -g -Wall  -mno-hw-div -mhw-mul -mno-hw-mulx -mgpopt=local  -o obj/default/main.o main.c
main.c: In function 'main':
main.c:481:18: warning: variable 'current_focus' set but not used [-Wunused-but-set-variable]
         alt_u16  current_focus = 300;
                  ^
main.c:480:17: warning: unused variable 'manual_focus_step' [-Wunused-variable]
         alt_u8  manual_focus_step = 10;
                 ^
Info: Linking D8M_Camera_Test.elf
nios2-elf-g++ -T'../D8M_Camera_Test_bsp//linker.x' -msys-crt0='../D8M_Camera_Test_bsp//obj/HAL/src/crt0.o' -msys-lib=hal_bsp -L../D8M_Camera_Test_bsp/   -Wl,-Map=D8M_Camera_Test.map   -O0 -g -Wall  -mno-hw-div -mhw-mul -mno-hw-mulx -mgpopt=local  -o D8M_Camera_Test.elf obj/default/I2C_core.o obj/default/auto_focus.o obj/default/main.o obj/default/mipi_bridge_config.o obj/default/mipi_camera_config.o obj/default/queue.o -lm -msys-lib=m
nios2-elf-insert D8M_Camera_Test.elf --thread_model hal --cpu_name nios2_gen2 --qsys true --simulation_enabled false --id 0 --sidp 0x410e0 --timestamp 1621710407 --stderr_dev jtag_uart --stdin_dev jtag_uart --stdout_dev jtag_uart --sopc_system_name Qsys --quartus_project_dir "/home/tm/clones/EEE2Rover/DE10_LITE_D8M_VIP_16" --jdi ../..//output_files/DE10_LITE_D8M_VIP.jdi --sopcinfo /home/tm/clones/EEE2Rover/DE10_LITE_D8M_VIP_16/software/D8M_Camera_Test_bsp/../../Qsys.sopcinfo
bash: line 0: igncr: invalid option name
Info: (D8M_Camera_Test.elf) 82 KBytes program size (code + initialized data).
Info:                       7036 Bytes free for stack + heap.
Info: Creating D8M_Camera_Test.objdump
nios2-elf-objdump --disassemble --syms --all-header --source D8M_Camera_Test.elf >D8M_Camera_Test.objdump
[D8M_Camera_Test build complete]
20:28:11 **** Incremental Build of configuration Nios II for project D8M_Camera_Test ****
make all 
Info: Building ../D8M_Camera_Test_bsp/
make --no-print-directory -C ../D8M_Camera_Test_bsp/
[BSP build complete]
[D8M_Camera_Test build complete]
20:30:31 **** Incremental Build of configuration Nios II for project D8M_Camera_Test ****
make all 
Info: Building ../D8M_Camera_Test_bsp/
make --no-print-directory -C ../D8M_Camera_Test_bsp/
[BSP build complete]
[D8M_Camera_Test build complete]
20:31:23 **** Incremental Build of configuration Nios II for project D8M_Camera_Test ****
make all 
Info: Building ../D8M_Camera_Test_bsp/
make --no-print-directory -C ../D8M_Camera_Test_bsp/
[BSP build complete]
[D8M_Camera_Test build complete]
20:31:32 **** Incremental Build of configuration Nios II for project D8M_Camera_Test ****
make all 
Info: Building ../D8M_Camera_Test_bsp/
make --no-print-directory -C ../D8M_Camera_Test_bsp/
[BSP build complete]
[D8M_Camera_Test build complete]
20:33:38 **** Incremental Build of configuration Nios II for project D8M_Camera_Test ****
make all 
Info: Building ../D8M_Camera_Test_bsp/
make --no-print-directory -C ../D8M_Camera_Test_bsp/
[BSP build complete]
Info: Compiling main.c to obj/default/main.o
nios2-elf-gcc -xc -MP -MMD -c -I../D8M_Camera_Test_bsp//HAL/inc -I../D8M_Camera_Test_bsp/ -I../D8M_Camera_Test_bsp//drivers/inc -pipe -D__hal__ -DALT_NO_INSTRUCTION_EMULATION -DALT_SINGLE_THREADED    -O0 -g -Wall  -mno-hw-div -mhw-mul -mno-hw-mulx -mgpopt=local  -o obj/default/main.o main.c
main.c: In function 'main':
main.c:271:20: warning: format '%x' expects argument of type 'unsigned int', but argument 2 has type 'alt_u32 {aka long unsigned int}' [-Wformat=]
             printf("\nExposure = %x ", exposureTime);
                    ^
main.c:271:20: warning: format '%x' expects argument of type 'unsigned int', but argument 2 has type 'alt_u32 {aka long unsigned int}' [-Wformat=]
main.c:276:20: warning: format '%x' expects argument of type 'unsigned int', but argument 2 has type 'alt_u32 {aka long unsigned int}' [-Wformat=]
             printf("\nExposure = %x ", exposureTime);
                    ^
main.c:276:20: warning: format '%x' expects argument of type 'unsigned int', but argument 2 has type 'alt_u32 {aka long unsigned int}' [-Wformat=]
Info: Linking D8M_Camera_Test.elf
nios2-elf-g++ -T'../D8M_Camera_Test_bsp//linker.x' -msys-crt0='../D8M_Camera_Test_bsp//obj/HAL/src/crt0.o' -msys-lib=hal_bsp -L../D8M_Camera_Test_bsp/   -Wl,-Map=D8M_Camera_Test.map   -O0 -g -Wall  -mno-hw-div -mhw-mul -mno-hw-mulx -mgpopt=local  -o D8M_Camera_Test.elf obj/default/I2C_core.o obj/default/auto_focus.o obj/default/main.o obj/default/mipi_bridge_config.o obj/default/mipi_camera_config.o obj/default/queue.o -lm -msys-lib=m
nios2-elf-insert D8M_Camera_Test.elf --thread_model hal --cpu_name nios2_gen2 --qsys true --simulation_enabled false --id 0 --sidp 0x410e0 --timestamp 1621710407 --stderr_dev jtag_uart --stdin_dev jtag_uart --stdout_dev jtag_uart --sopc_system_name Qsys --quartus_project_dir "/home/tm/clones/EEE2Rover/DE10_LITE_D8M_VIP_16" --jdi ../..//output_files/DE10_LITE_D8M_VIP.jdi --sopcinfo /home/tm/clones/EEE2Rover/DE10_LITE_D8M_VIP_16/software/D8M_Camera_Test_bsp/../../Qsys.sopcinfo
bash: line 0: igncr: invalid option name
Info: (D8M_Camera_Test.elf) 83 KBytes program size (code + initialized data).
Info:                       5188 Bytes free for stack + heap.
Info: Creating D8M_Camera_Test.objdump
nios2-elf-objdump --disassemble --syms --all-header --source D8M_Camera_Test.elf >D8M_Camera_Test.objdump
[D8M_Camera_Test build complete]
20:35:28 **** Incremental Build of configuration Nios II for project D8M_Camera_Test ****
make all 
Info: Building ../D8M_Camera_Test_bsp/
make --no-print-directory -C ../D8M_Camera_Test_bsp/
[BSP build complete]
Info: Compiling main.c to obj/default/main.o
nios2-elf-gcc -xc -MP -MMD -c -I../D8M_Camera_Test_bsp//HAL/inc -I../D8M_Camera_Test_bsp/ -I../D8M_Camera_Test_bsp//drivers/inc -pipe -D__hal__ -DALT_NO_INSTRUCTION_EMULATION -DALT_SINGLE_THREADED    -O0 -g -Wall  -mno-hw-div -mhw-mul -mno-hw-mulx -mgpopt=local  -o obj/default/main.o main.c
main.c: In function 'main':
main.c:271:20: warning: format '%x' expects argument of type 'unsigned int', but argument 2 has type 'alt_u32 {aka long unsigned int}' [-Wformat=]
             printf("\nExposure = %x ", exposureTime);
                    ^
main.c:271:20: warning: format '%x' expects argument of type 'unsigned int', but argument 2 has type 'alt_u32 {aka long unsigned int}' [-Wformat=]
main.c:276:20: warning: format '%x' expects argument of type 'unsigned int', but argument 2 has type 'alt_u32 {aka long unsigned int}' [-Wformat=]
             printf("\nExposure = %x ", exposureTime);
                    ^
main.c:276:20: warning: format '%x' expects argument of type 'unsigned int', but argument 2 has type 'alt_u32 {aka long unsigned int}' [-Wformat=]
Info: Linking D8M_Camera_Test.elf
nios2-elf-g++ -T'../D8M_Camera_Test_bsp//linker.x' -msys-crt0='../D8M_Camera_Test_bsp//obj/HAL/src/crt0.o' -msys-lib=hal_bsp -L../D8M_Camera_Test_bsp/   -Wl,-Map=D8M_Camera_Test.map   -O0 -g -Wall  -mno-hw-div -mhw-mul -mno-hw-mulx -mgpopt=local  -o D8M_Camera_Test.elf obj/default/I2C_core.o obj/default/auto_focus.o obj/default/main.o obj/default/mipi_bridge_config.o obj/default/mipi_camera_config.o obj/default/queue.o -lm -msys-lib=m
nios2-elf-insert D8M_Camera_Test.elf --thread_model hal --cpu_name nios2_gen2 --qsys true --simulation_enabled false --id 0 --sidp 0x410e0 --timestamp 1621710407 --stderr_dev jtag_uart --stdin_dev jtag_uart --stdout_dev jtag_uart --sopc_system_name Qsys --quartus_project_dir "/home/tm/clones/EEE2Rover/DE10_LITE_D8M_VIP_16" --jdi ../..//output_files/DE10_LITE_D8M_VIP.jdi --sopcinfo /home/tm/clones/EEE2Rover/DE10_LITE_D8M_VIP_16/software/D8M_Camera_Test_bsp/../../Qsys.sopcinfo
bash: line 0: igncr: invalid option name
Info: (D8M_Camera_Test.elf) 83 KBytes program size (code + initialized data).
Info:                       5188 Bytes free for stack + heap.
Info: Creating D8M_Camera_Test.objdump
nios2-elf-objdump --disassemble --syms --all-header --source D8M_Camera_Test.elf >D8M_Camera_Test.objdump
[D8M_Camera_Test build complete]
20:35:35 **** Incremental Build of configuration Nios II for project D8M_Camera_Test ****
make all 
Info: Building ../D8M_Camera_Test_bsp/
make --no-print-directory -C ../D8M_Camera_Test_bsp/
[BSP build complete]
[D8M_Camera_Test build complete]
